D:\DOCUMENT\ESDK\OBS\OBSCSDK\ESDK_OBS_C_3.1.3_\ESDK_OBS_C\SOURCE\ESDK_OBS_API\ESDK_OBS_API_C++\BUILD\VC100\RELEASE\LIBESDKOBS.DLL
D:\document\eSDK\OBS\OBSCSDK\esdk_obs_c_3.1.3_\esdk_obs_c\source\eSDK_OBS_API\eSDK_OBS_API_C++\build\vc100\Release\libeSDKOBS.exp
D:\document\eSDK\OBS\OBSCSDK\esdk_obs_c_3.1.3_\esdk_obs_c\source\eSDK_OBS_API\eSDK_OBS_API_C++\build\vc100\Release\libeSDKOBS.lib
D:\DOCUMENT\ESDK\OBS\OBSCSDK\ESDK_OBS_C_3.1.3_\ESDK_OBS_C\SOURCE\ESDK_OBS_API\ESDK_OBS_API_C++\BUILD\VC100\RELEASE\OBS\BUCKET.OBJ
D:\document\eSDK\OBS\OBSCSDK\esdk_obs_c_3.1.3_\esdk_obs_c\source\eSDK_OBS_API\eSDK_OBS_API_C++\build\vc100\Release\obs\cl.command.1.tlog
D:\document\eSDK\OBS\OBSCSDK\esdk_obs_c_3.1.3_\esdk_obs_c\source\eSDK_OBS_API\eSDK_OBS_API_C++\build\vc100\Release\obs\CL.read.1.tlog
D:\document\eSDK\OBS\OBSCSDK\esdk_obs_c_3.1.3_\esdk_obs_c\source\eSDK_OBS_API\eSDK_OBS_API_C++\build\vc100\Release\obs\CL.write.1.tlog
D:\DOCUMENT\ESDK\OBS\OBSCSDK\ESDK_OBS_C_3.1.3_\ESDK_OBS_C\SOURCE\ESDK_OBS_API\ESDK_OBS_API_C++\BUILD\VC100\RELEASE\OBS\ERROR_PARSER.OBJ
D:\DOCUMENT\ESDK\OBS\OBSCSDK\ESDK_OBS_C_3.1.3_\ESDK_OBS_C\SOURCE\ESDK_OBS_API\ESDK_OBS_API_C++\BUILD\VC100\RELEASE\OBS\GENERAL.OBJ
D:\DOCUMENT\ESDK\OBS\OBSCSDK\ESDK_OBS_C_3.1.3_\ESDK_OBS_C\SOURCE\ESDK_OBS_API\ESDK_OBS_API_C++\BUILD\VC100\RELEASE\OBS\LIBESDKOBS.DLL.INTERMEDIATE.MANIFEST
D:\document\eSDK\OBS\OBSCSDK\esdk_obs_c_3.1.3_\esdk_obs_c\source\eSDK_OBS_API\eSDK_OBS_API_C++\build\vc100\Release\obs\link.command.1.tlog
D:\document\eSDK\OBS\OBSCSDK\esdk_obs_c_3.1.3_\esdk_obs_c\source\eSDK_OBS_API\eSDK_OBS_API_C++\build\vc100\Release\obs\link.read.1.tlog
D:\document\eSDK\OBS\OBSCSDK\esdk_obs_c_3.1.3_\esdk_obs_c\source\eSDK_OBS_API\eSDK_OBS_API_C++\build\vc100\Release\obs\link.write.1.tlog
D:\DOCUMENT\ESDK\OBS\OBSCSDK\ESDK_OBS_C_3.1.3_\ESDK_OBS_C\SOURCE\ESDK_OBS_API\ESDK_OBS_API_C++\BUILD\VC100\RELEASE\OBS\LOG.OBJ
D:\document\eSDK\OBS\OBSCSDK\esdk_obs_c_3.1.3_\esdk_obs_c\source\eSDK_OBS_API\eSDK_OBS_API_C++\build\vc100\Release\obs\mt.command.1.tlog
D:\document\eSDK\OBS\OBSCSDK\esdk_obs_c_3.1.3_\esdk_obs_c\source\eSDK_OBS_API\eSDK_OBS_API_C++\build\vc100\Release\obs\mt.read.1.tlog
D:\document\eSDK\OBS\OBSCSDK\esdk_obs_c_3.1.3_\esdk_obs_c\source\eSDK_OBS_API\eSDK_OBS_API_C++\build\vc100\Release\obs\mt.write.1.tlog
D:\DOCUMENT\ESDK\OBS\OBSCSDK\ESDK_OBS_C_3.1.3_\ESDK_OBS_C\SOURCE\ESDK_OBS_API\ESDK_OBS_API_C++\BUILD\VC100\RELEASE\OBS\OBJECT.OBJ
D:\document\eSDK\OBS\OBSCSDK\esdk_obs_c_3.1.3_\esdk_obs_c\source\eSDK_OBS_API\eSDK_OBS_API_C++\build\vc100\Release\obs\obs.write.1.tlog
D:\DOCUMENT\ESDK\OBS\OBSCSDK\ESDK_OBS_C_3.1.3_\ESDK_OBS_C\SOURCE\ESDK_OBS_API\ESDK_OBS_API_C++\BUILD\VC100\RELEASE\OBS\REQUEST.OBJ
D:\DOCUMENT\ESDK\OBS\OBSCSDK\ESDK_OBS_C_3.1.3_\ESDK_OBS_C\SOURCE\ESDK_OBS_API\ESDK_OBS_API_C++\BUILD\VC100\RELEASE\OBS\REQUEST_CONTEXT.OBJ
D:\DOCUMENT\ESDK\OBS\OBSCSDK\ESDK_OBS_C_3.1.3_\ESDK_OBS_C\SOURCE\ESDK_OBS_API\ESDK_OBS_API_C++\BUILD\VC100\RELEASE\OBS\REQUEST_UTIL.OBJ
D:\DOCUMENT\ESDK\OBS\OBSCSDK\ESDK_OBS_C_3.1.3_\ESDK_OBS_C\SOURCE\ESDK_OBS_API\ESDK_OBS_API_C++\BUILD\VC100\RELEASE\OBS\RESPONSE_HEADERS_HANDLER.OBJ
D:\DOCUMENT\ESDK\OBS\OBSCSDK\ESDK_OBS_C_3.1.3_\ESDK_OBS_C\SOURCE\ESDK_OBS_API\ESDK_OBS_API_C++\BUILD\VC100\RELEASE\OBS\SIMPLEXML.OBJ
D:\DOCUMENT\ESDK\OBS\OBSCSDK\ESDK_OBS_C_3.1.3_\ESDK_OBS_C\SOURCE\ESDK_OBS_API\ESDK_OBS_API_C++\BUILD\VC100\RELEASE\OBS\UTIL.OBJ
D:\DOCUMENT\ESDK\OBS\OBSCSDK\ESDK_OBS_C_3.1.3_\ESDK_OBS_C\SOURCE\ESDK_OBS_API\ESDK_OBS_API_C++\BUILD\VC100\RELEASE\OBS\VC100.PDB
D:\document\eSDK\OBS\OBSCSDK\esdk_obs_c_3.1.3_\esdk_obs_c\source\eSDK_OBS_API\eSDK_OBS_API_C++\sln\vc100\..\..\build\vc100\Release\libeSDKOBS.dll
